<?xml version="1.0" encoding="UTF-8"?>
<!-- Generated by org.testng.reporters.JUnitXMLReporter -->
<testsuite hostname="Alec-PC" ignored="0" name="Default test" tests="4" failures="0" timestamp="14 Jul 2017 00:50:36 GMT" time="80.906" errors="0">
  <testcase name="testAddToCart" time="14.471" classname="com.SDETtraining.amazon.AmazonSearch"/>
  <testcase name="testAddToCart" time="13.798" classname="com.SDETtraining.amazon.AmazonSearch"/>
  <testcase name="testAddToCart" time="13.998" classname="com.SDETtraining.amazon.AmazonSearch"/>
  <testcase name="testAddToCart" time="12.181" classname="com.SDETtraining.amazon.AmazonSearch"/>
</testsuite> <!-- Default test -->
