<?xml version="1.0" encoding="UTF-8"?>
<testng-results skipped="0" failed="0" ignored="0" total="4" passed="4">
  <reporter-output>
  </reporter-output>
  <suite name="Default suite" duration-ms="80906" started-at="2017-07-14T00:49:15Z" finished-at="2017-07-14T00:50:36Z">
    <groups>
    </groups>
    <test name="Default test" duration-ms="80906" started-at="2017-07-14T00:49:15Z" finished-at="2017-07-14T00:50:36Z">
      <class name="com.SDETtraining.amazon.AmazonSearch">
        <test-method status="PASS" signature="beforeClass()[pri:0, instance:com.SDETtraining.amazon.AmazonSearch@573f2bb1]" name="beforeClass" is-config="true" duration-ms="17076" started-at="2017-07-13T20:49:15Z" finished-at="2017-07-13T20:49:32Z">
          <reporter-output>
          </reporter-output>
        </test-method> <!-- beforeClass -->
        <test-method status="PASS" signature="testAddToCart(java.lang.String, java.lang.String)[pri:0, instance:com.SDETtraining.amazon.AmazonSearch@573f2bb1]" name="testAddToCart" duration-ms="14471" started-at="2017-07-13T20:49:32Z" data-provider="getSearchData" finished-at="2017-07-13T20:49:46Z">
          <params>
            <param index="0">
              <value>
                <![CDATA[aps]]>
              </value>
            </param>
            <param index="1">
              <value>
                <![CDATA[trash can]]>
              </value>
            </param>
          </params>
          <reporter-output>
          </reporter-output>
        </test-method> <!-- testAddToCart -->
        <test-method status="PASS" signature="testAddToCart(java.lang.String, java.lang.String)[pri:0, instance:com.SDETtraining.amazon.AmazonSearch@573f2bb1]" name="testAddToCart" duration-ms="13798" started-at="2017-07-13T20:49:46Z" data-provider="getSearchData" finished-at="2017-07-13T20:50:00Z">
          <params>
            <param index="0">
              <value>
                <![CDATA[aps]]>
              </value>
            </param>
            <param index="1">
              <value>
                <![CDATA[keychain]]>
              </value>
            </param>
          </params>
          <reporter-output>
          </reporter-output>
        </test-method> <!-- testAddToCart -->
        <test-method status="PASS" signature="testAddToCart(java.lang.String, java.lang.String)[pri:0, instance:com.SDETtraining.amazon.AmazonSearch@573f2bb1]" name="testAddToCart" duration-ms="13998" started-at="2017-07-13T20:50:00Z" data-provider="getSearchData" finished-at="2017-07-13T20:50:14Z">
          <params>
            <param index="0">
              <value>
                <![CDATA[electronics]]>
              </value>
            </param>
            <param index="1">
              <value>
                <![CDATA[iPhone Charger]]>
              </value>
            </param>
          </params>
          <reporter-output>
          </reporter-output>
        </test-method> <!-- testAddToCart -->
        <test-method status="PASS" signature="testAddToCart(java.lang.String, java.lang.String)[pri:0, instance:com.SDETtraining.amazon.AmazonSearch@573f2bb1]" name="testAddToCart" duration-ms="12181" started-at="2017-07-13T20:50:14Z" data-provider="getSearchData" finished-at="2017-07-13T20:50:26Z">
          <params>
            <param index="0">
              <value>
                <![CDATA[local-services]]>
              </value>
            </param>
            <param index="1">
              <value>
                <![CDATA[backpack]]>
              </value>
            </param>
          </params>
          <reporter-output>
          </reporter-output>
        </test-method> <!-- testAddToCart -->
        <test-method status="PASS" signature="afterClass()[pri:0, instance:com.SDETtraining.amazon.AmazonSearch@573f2bb1]" name="afterClass" is-config="true" duration-ms="9184" started-at="2017-07-13T20:50:26Z" finished-at="2017-07-13T20:50:36Z">
          <reporter-output>
          </reporter-output>
        </test-method> <!-- afterClass -->
      </class> <!-- com.SDETtraining.amazon.AmazonSearch -->
    </test> <!-- Default test -->
  </suite> <!-- Default suite -->
</testng-results>
