<?xml version="1.0" encoding="UTF-8"?>
<testng-results skipped="0" failed="0" ignored="0" total="4" passed="4">
  <reporter-output>
  </reporter-output>
  <suite name="Default suite" duration-ms="76365" started-at="2017-07-13T23:27:27Z" finished-at="2017-07-13T23:28:43Z">
    <groups>
    </groups>
    <test name="Default test" duration-ms="76365" started-at="2017-07-13T23:27:27Z" finished-at="2017-07-13T23:28:43Z">
      <class name="com.SDETtraining.amazon.AmazonSearch">
        <test-method status="PASS" signature="beforeClass()[pri:0, instance:com.SDETtraining.amazon.AmazonSearch@573f2bb1]" name="beforeClass" is-config="true" duration-ms="17669" started-at="2017-07-13T19:27:27Z" finished-at="2017-07-13T19:27:45Z">
          <reporter-output>
          </reporter-output>
        </test-method> <!-- beforeClass -->
        <test-method status="PASS" signature="testAddToCart(java.lang.String, java.lang.String)[pri:0, instance:com.SDETtraining.amazon.AmazonSearch@573f2bb1]" name="testAddToCart" duration-ms="14403" started-at="2017-07-13T19:27:45Z" data-provider="getSearchData" finished-at="2017-07-13T19:27:59Z">
          <params>
            <param index="0">
              <value>
                <![CDATA[aps]]>
              </value>
            </param>
            <param index="1">
              <value>
                <![CDATA[trashcan]]>
              </value>
            </param>
          </params>
          <reporter-output>
          </reporter-output>
        </test-method> <!-- testAddToCart -->
        <test-method status="PASS" signature="testAddToCart(java.lang.String, java.lang.String)[pri:0, instance:com.SDETtraining.amazon.AmazonSearch@573f2bb1]" name="testAddToCart" duration-ms="12584" started-at="2017-07-13T19:27:59Z" data-provider="getSearchData" finished-at="2017-07-13T19:28:12Z">
          <params>
            <param index="0">
              <value>
                <![CDATA[aps]]>
              </value>
            </param>
            <param index="1">
              <value>
                <![CDATA[keychain]]>
              </value>
            </param>
          </params>
          <reporter-output>
          </reporter-output>
        </test-method> <!-- testAddToCart -->
        <test-method status="PASS" signature="testAddToCart(java.lang.String, java.lang.String)[pri:0, instance:com.SDETtraining.amazon.AmazonSearch@573f2bb1]" name="testAddToCart" duration-ms="11826" started-at="2017-07-13T19:28:12Z" data-provider="getSearchData" finished-at="2017-07-13T19:28:24Z">
          <params>
            <param index="0">
              <value>
                <![CDATA[electronics]]>
              </value>
            </param>
            <param index="1">
              <value>
                <![CDATA[iPhone Charger]]>
              </value>
            </param>
          </params>
          <reporter-output>
          </reporter-output>
        </test-method> <!-- testAddToCart -->
        <test-method status="PASS" signature="testAddToCart(java.lang.String, java.lang.String)[pri:0, instance:com.SDETtraining.amazon.AmazonSearch@573f2bb1]" name="testAddToCart" duration-ms="11361" started-at="2017-07-13T19:28:24Z" data-provider="getSearchData" finished-at="2017-07-13T19:28:35Z">
          <params>
            <param index="0">
              <value>
                <![CDATA[local-services]]>
              </value>
            </param>
            <param index="1">
              <value>
                <![CDATA[backpack]]>
              </value>
            </param>
          </params>
          <reporter-output>
          </reporter-output>
        </test-method> <!-- testAddToCart -->
        <test-method status="PASS" signature="afterClass()[pri:0, instance:com.SDETtraining.amazon.AmazonSearch@573f2bb1]" name="afterClass" is-config="true" duration-ms="8322" started-at="2017-07-13T19:28:35Z" finished-at="2017-07-13T19:28:43Z">
          <reporter-output>
          </reporter-output>
        </test-method> <!-- afterClass -->
      </class> <!-- com.SDETtraining.amazon.AmazonSearch -->
    </test> <!-- Default test -->
  </suite> <!-- Default suite -->
</testng-results>
